2021-07-21 15:11:02 [INFO ] c.p.r.NativeLoader:64 - ********************************
2021-07-21 15:11:02 [INFO ] c.p.r.NativeLoader:65 - Native library search paths: 
2021-07-21 15:11:02 [INFO ] c.p.r.NativeLoader:948 - C:\Users\m14\AppData\Roaming\PVS-Studio-Java\7.13.48133
2021-07-21 15:11:02 [INFO ] c.p.r.NativeLoader:948 - .
2021-07-21 15:11:02 [INFO ] c.p.r.NativeLoader:948 - C:\Users\m14\AppData\Roaming\PVS-Studio-Java\7.13.48133\..
2021-07-21 15:11:02 [INFO ] c.p.r.NativeLoader:948 - C:\Users\m14\AppData\Roaming\PVS-Studio-Java\7.13.48133\..\..
2021-07-21 15:11:02 [INFO ] c.p.r.NativeLoader:948 - C:\Users\m14\AppData\Roaming\PVS-Studio-Java\7.13.48133\..\..\build
2021-07-21 15:11:02 [INFO ] c.p.r.NativeLoader:67 - Additional path: native/win
2021-07-21 15:11:02 [INFO ] c.p.r.NativeLoader:76 - Native library found: C:\Users\m14\AppData\Roaming\PVS-Studio-Java\7.13.48133\native\win\analysis-core.dll
2021-07-21 15:11:02 [INFO ] c.p.r.NativeLoader:77 - ********************************
2021-07-21 15:11:07 [INFO ] c.p.p.JsonEvaluator:49 - Module: spring_boot
2021-07-21 15:11:07 [INFO ] c.p.p.JsonEvaluator:50 - Sources:
2021-07-21 15:11:07 [INFO ] c.p.p.JsonEvaluator:75 - C:/Users/m14/Desktop/Java/Spring_boot_realisation_JM_3.1.1-master/src/main/java
2021-07-21 15:11:07 [INFO ] c.p.p.JsonEvaluator:52 - Classpath:
2021-07-21 15:11:07 [INFO ] c.p.p.JsonEvaluator:75 - C:/Users/m14/.jdks/adopt-openjdk-15.0.2!/jdk.management.jfr
2021-07-21 15:11:07 [INFO ] c.p.p.JsonEvaluator:75 - C:/Users/m14/.m2/repository/org/springframework/spring-beans/5.2.8.RELEASE/spring-beans-5.2.8.RELEASE.jar
2021-07-21 15:11:07 [INFO ] c.p.p.JsonEvaluator:75 - C:/Users/m14/.jdks/adopt-openjdk-15.0.2!/jdk.internal.ed
2021-07-21 15:11:07 [INFO ] c.p.p.JsonEvaluator:75 - C:/Users/m14/.m2/repository/org/glassfish/jaxb/txw2/2.3.3/txw2-2.3.3.jar
2021-07-21 15:11:07 [INFO ] c.p.p.JsonEvaluator:75 - C:/Users/m14/.jdks/adopt-openjdk-15.0.2!/jdk.jdwp.agent
2021-07-21 15:11:07 [INFO ] c.p.p.JsonEvaluator:75 - C:/Users/m14/.jdks/adopt-openjdk-15.0.2!/jdk.jdi
2021-07-21 15:11:07 [INFO ] c.p.p.JsonEvaluator:75 - C:/Users/m14/.jdks/adopt-openjdk-15.0.2!/java.xml
2021-07-21 15:11:07 [INFO ] c.p.p.JsonEvaluator:75 - C:/Users/m14/.jdks/adopt-openjdk-15.0.2!/jdk.incubator.foreign
2021-07-21 15:11:07 [INFO ] c.p.p.JsonEvaluator:75 - C:/Users/m14/.m2/repository/org/springframework/boot/spring-boot-starter-aop/2.3.3.RELEASE/spring-boot-starter-aop-2.3.3.RELEASE.jar
2021-07-21 15:11:07 [INFO ] c.p.p.JsonEvaluator:75 - C:/Users/m14/.m2/repository/org/springframework/security/spring-security-core/5.2.0.RELEASE/spring-security-core-5.2.0.RELEASE.jar
2021-07-21 15:11:07 [INFO ] c.p.p.JsonEvaluator:75 - C:/Users/m14/.jdks/adopt-openjdk-15.0.2!/java.instrument
2021-07-21 15:11:07 [INFO ] c.p.p.JsonEvaluator:75 - C:/Users/m14/.m2/repository/com/sun/istack/istack-commons-runtime/3.0.11/istack-commons-runtime-3.0.11.jar
2021-07-21 15:11:07 [INFO ] c.p.p.JsonEvaluator:75 - C:/Users/m14/.jdks/adopt-openjdk-15.0.2!/java.security.sasl
2021-07-21 15:11:07 [INFO ] c.p.p.JsonEvaluator:75 - C:/Users/m14/.m2/repository/org/springframework/boot/spring-boot-devtools/2.3.3.RELEASE/spring-boot-devtools-2.3.3.RELEASE.jar
2021-07-21 15:11:07 [INFO ] c.p.p.JsonEvaluator:75 - C:/Users/m14/.m2/repository/com/fasterxml/jackson/datatype/jackson-datatype-jsr310/2.11.2/jackson-datatype-jsr310-2.11.2.jar
2021-07-21 15:11:07 [INFO ] c.p.p.JsonEvaluator:75 - C:/Users/m14/.m2/repository/org/junit/platform/junit-platform-commons/1.6.2/junit-platform-commons-1.6.2.jar
2021-07-21 15:11:07 [INFO ] c.p.p.JsonEvaluator:75 - C:/Users/m14/.m2/repository/org/hibernate/common/hibernate-commons-annotations/5.1.0.Final/hibernate-commons-annotations-5.1.0.Final.jar
2021-07-21 15:11:07 [INFO ] c.p.p.JsonEvaluator:75 - C:/Users/m14/.m2/repository/net/bytebuddy/byte-buddy-agent/1.10.14/byte-buddy-agent-1.10.14.jar
2021-07-21 15:11:07 [INFO ] c.p.p.JsonEvaluator:75 - C:/Users/m14/.m2/repository/org/springframework/boot/spring-boot-starter/2.3.3.RELEASE/spring-boot-starter-2.3.3.RELEASE.jar
2021-07-21 15:11:07 [INFO ] c.p.p.JsonEvaluator:75 - C:/Users/m14/.jdks/adopt-openjdk-15.0.2!/jdk.jshell
2021-07-21 15:11:07 [INFO ] c.p.p.JsonEvaluator:75 - C:/Users/m14/.m2/repository/jakarta/transaction/jakarta.transaction-api/1.3.3/jakarta.transaction-api-1.3.3.jar
2021-07-21 15:11:07 [INFO ] c.p.p.JsonEvaluator:75 - C:/Users/m14/.m2/repository/org/springframework/spring-web/5.2.8.RELEASE/spring-web-5.2.8.RELEASE.jar
2021-07-21 15:11:07 [INFO ] c.p.p.JsonEvaluator:75 - C:/Users/m14/.m2/repository/org/springframework/spring-aspects/5.2.8.RELEASE/spring-aspects-5.2.8.RELEASE.jar
2021-07-21 15:11:07 [INFO ] c.p.p.JsonEvaluator:75 - C:/Users/m14/.m2/repository/com/jayway/jsonpath/json-path/2.4.0/json-path-2.4.0.jar
2021-07-21 15:11:07 [INFO ] c.p.p.JsonEvaluator:75 - C:/Users/m14/.m2/repository/org/assertj/assertj-core/3.16.1/assertj-core-3.16.1.jar
2021-07-21 15:11:07 [INFO ] c.p.p.JsonEvaluator:75 - C:/Users/m14/.m2/repository/org/thymeleaf/thymeleaf-spring5/3.0.11.RELEASE/thymeleaf-spring5-3.0.11.RELEASE.jar
2021-07-21 15:11:07 [INFO ] c.p.p.JsonEvaluator:75 - C:/Users/m14/.jdks/adopt-openjdk-15.0.2!/java.net.http
2021-07-21 15:11:07 [INFO ] c.p.p.JsonEvaluator:75 - C:/Users/m14/.m2/repository/antlr/antlr/2.7.7/antlr-2.7.7.jar
2021-07-21 15:11:07 [INFO ] c.p.p.JsonEvaluator:75 - C:/Users/m14/.m2/repository/org/springframework/boot/spring-boot-starter-data-jpa/2.3.3.RELEASE/spring-boot-starter-data-jpa-2.3.3.RELEASE.jar
2021-07-21 15:11:07 [INFO ] c.p.p.JsonEvaluator:75 - C:/Users/m14/.jdks/adopt-openjdk-15.0.2!/java.base
2021-07-21 15:11:07 [INFO ] c.p.p.JsonEvaluator:75 - C:/Users/m14/.jdks/adopt-openjdk-15.0.2!/jdk.javadoc
2021-07-21 15:11:07 [INFO ] c.p.p.JsonEvaluator:75 - C:/Users/m14/.m2/repository/org/apache/tomcat/embed/tomcat-embed-core/9.0.37/tomcat-embed-core-9.0.37.jar
2021-07-21 15:11:07 [INFO ] c.p.p.JsonEvaluator:75 - C:/Users/m14/.m2/repository/jakarta/persistence/jakarta.persistence-api/2.2.3/jakarta.persistence-api-2.2.3.jar
2021-07-21 15:11:07 [INFO ] c.p.p.JsonEvaluator:75 - C:/Users/m14/.jdks/adopt-openjdk-15.0.2!/jdk.hotspot.agent
2021-07-21 15:11:07 [INFO ] c.p.p.JsonEvaluator:75 - C:/Users/m14/.m2/repository/org/unbescape/unbescape/1.1.6.RELEASE/unbescape-1.1.6.RELEASE.jar
2021-07-21 15:11:07 [INFO ] c.p.p.JsonEvaluator:75 - C:/Users/m14/.m2/repository/org/jboss/jandex/2.1.3.Final/jandex-2.1.3.Final.jar
2021-07-21 15:11:07 [INFO ] c.p.p.JsonEvaluator:75 - C:/Users/m14/.m2/repository/org/objenesis/objenesis/2.6/objenesis-2.6.jar
2021-07-21 15:11:07 [INFO ] c.p.p.JsonEvaluator:75 - C:/Users/m14/.m2/repository/org/junit/jupiter/junit-jupiter-api/5.6.2/junit-jupiter-api-5.6.2.jar
2021-07-21 15:11:07 [INFO ] c.p.p.JsonEvaluator:75 - C:/Users/m14/.m2/repository/org/springframework/spring-core/5.2.8.RELEASE/spring-core-5.2.8.RELEASE.jar
2021-07-21 15:11:07 [INFO ] c.p.p.JsonEvaluator:75 - C:/Users/m14/.m2/repository/org/jboss/logging/jboss-logging/3.4.1.Final/jboss-logging-3.4.1.Final.jar
2021-07-21 15:11:07 [INFO ] c.p.p.JsonEvaluator:75 - C:/Users/m14/.jdks/adopt-openjdk-15.0.2!/jdk.unsupported
2021-07-21 15:11:07 [INFO ] c.p.p.JsonEvaluator:75 - C:/Users/m14/.m2/repository/org/springframework/boot/spring-boot-starter-test/2.3.3.RELEASE/spring-boot-starter-test-2.3.3.RELEASE.jar
2021-07-21 15:11:07 [INFO ] c.p.p.JsonEvaluator:75 - C:/Users/m14/.m2/repository/org/springframework/data/spring-data-jpa/2.3.3.RELEASE/spring-data-jpa-2.3.3.RELEASE.jar
2021-07-21 15:11:07 [INFO ] c.p.p.JsonEvaluator:75 - C:/Users/m14/.jdks/adopt-openjdk-15.0.2!/java.management
2021-07-21 15:11:07 [INFO ] c.p.p.JsonEvaluator:75 - C:/Users/m14/.jdks/adopt-openjdk-15.0.2!/jdk.internal.le
2021-07-21 15:11:07 [INFO ] c.p.p.JsonEvaluator:75 - C:/Users/m14/.jdks/adopt-openjdk-15.0.2!/jdk.security.auth
2021-07-21 15:11:07 [INFO ] c.p.p.JsonEvaluator:75 - C:/Users/m14/.jdks/adopt-openjdk-15.0.2!/java.security.jgss
2021-07-21 15:11:07 [INFO ] c.p.p.JsonEvaluator:75 - C:/Users/m14/.m2/repository/com/fasterxml/classmate/1.5.1/classmate-1.5.1.jar
2021-07-21 15:11:07 [INFO ] c.p.p.JsonEvaluator:75 - C:/Users/m14/.m2/repository/org/springframework/boot/spring-boot-starter-security/2.3.3.RELEASE/spring-boot-starter-security-2.3.3.RELEASE.jar
2021-07-21 15:11:07 [INFO ] c.p.p.JsonEvaluator:75 - C:/Users/m14/.m2/repository/ch/qos/logback/logback-classic/1.2.3/logback-classic-1.2.3.jar
2021-07-21 15:11:07 [INFO ] c.p.p.JsonEvaluator:75 - C:/Users/m14/.m2/repository/com/fasterxml/jackson/core/jackson-annotations/2.11.2/jackson-annotations-2.11.2.jar
2021-07-21 15:11:07 [INFO ] c.p.p.JsonEvaluator:75 - C:/Users/m14/AppData/Roaming/JetBrains/IntelliJIdea2021.1/javascript/extLibs/http_maxcdn.bootstrapcdn.com_bootstrap_4.0.0_js_bootstrap.js
2021-07-21 15:11:07 [INFO ] c.p.p.JsonEvaluator:75 - C:/Users/m14/.m2/repository/org/springframework/security/spring-security-config/5.3.4.RELEASE/spring-security-config-5.3.4.RELEASE.jar
2021-07-21 15:11:07 [INFO ] c.p.p.JsonEvaluator:75 - C:/Users/m14/.m2/repository/org/dom4j/dom4j/2.1.3/dom4j-2.1.3.jar
2021-07-21 15:11:07 [INFO ] c.p.p.JsonEvaluator:75 - C:/Users/m14/.m2/repository/org/springframework/boot/spring-boot-autoconfigure/2.3.3.RELEASE/spring-boot-autoconfigure-2.3.3.RELEASE.jar
2021-07-21 15:11:07 [INFO ] c.p.p.JsonEvaluator:75 - C:/Users/m14/.m2/repository/org/springframework/spring-tx/5.2.8.RELEASE/spring-tx-5.2.8.RELEASE.jar
2021-07-21 15:11:07 [INFO ] c.p.p.JsonEvaluator:75 - C:/Users/m14/.jdks/adopt-openjdk-15.0.2!/jdk.security.jgss
2021-07-21 15:11:07 [INFO ] c.p.p.JsonEvaluator:75 - C:/Users/m14/.m2/repository/com/fasterxml/jackson/core/jackson-databind/2.11.2/jackson-databind-2.11.2.jar
2021-07-21 15:11:07 [INFO ] c.p.p.JsonEvaluator:75 - C:/Users/m14/.jdks/adopt-openjdk-15.0.2!/jdk.internal.jvmstat
2021-07-21 15:11:07 [INFO ] c.p.p.JsonEvaluator:75 - C:/Users/m14/.jdks/adopt-openjdk-15.0.2!/jdk.crypto.ec
2021-07-21 15:11:07 [INFO ] c.p.p.JsonEvaluator:75 - C:/Users/m14/.jdks/adopt-openjdk-15.0.2!/jdk.accessibility
2021-07-21 15:11:07 [INFO ] c.p.p.JsonEvaluator:75 - C:/Users/m14/.m2/repository/org/hamcrest/hamcrest/2.2/hamcrest-2.2.jar
2021-07-21 15:11:07 [INFO ] c.p.p.JsonEvaluator:75 - C:/Users/m14/.m2/repository/org/springframework/boot/spring-boot/2.3.3.RELEASE/spring-boot-2.3.3.RELEASE.jar
2021-07-21 15:11:07 [INFO ] c.p.p.JsonEvaluator:75 - C:/Users/m14/.m2/repository/org/springframework/data/spring-data-commons/2.3.3.RELEASE/spring-data-commons-2.3.3.RELEASE.jar
2021-07-21 15:11:07 [INFO ] c.p.p.JsonEvaluator:75 - C:/Users/m14/.m2/repository/org/springframework/spring-aop/5.2.8.RELEASE/spring-aop-5.2.8.RELEASE.jar
2021-07-21 15:11:07 [INFO ] c.p.p.JsonEvaluator:75 - C:/Users/m14/.m2/repository/org/springframework/boot/spring-boot-starter-jdbc/2.3.3.RELEASE/spring-boot-starter-jdbc-2.3.3.RELEASE.jar
2021-07-21 15:11:07 [INFO ] c.p.p.JsonEvaluator:75 - C:/Users/m14/.jdks/adopt-openjdk-15.0.2!/java.transaction.xa
2021-07-21 15:11:07 [INFO ] c.p.p.JsonEvaluator:75 - C:/Users/m14/.m2/repository/org/attoparser/attoparser/2.0.5.RELEASE/attoparser-2.0.5.RELEASE.jar
2021-07-21 15:11:07 [INFO ] c.p.p.JsonEvaluator:75 - C:/Users/m14/.jdks/adopt-openjdk-15.0.2!/java.naming
2021-07-21 15:11:07 [INFO ] c.p.p.JsonEvaluator:75 - C:/Users/m14/.m2/repository/org/ow2/asm/asm/5.0.4/asm-5.0.4.jar
2021-07-21 15:11:07 [INFO ] c.p.p.JsonEvaluator:75 - C:/Users/m14/.jdks/adopt-openjdk-15.0.2!/jdk.internal.vm.compiler
2021-07-21 15:11:07 [INFO ] c.p.p.JsonEvaluator:75 - C:/Users/m14/.m2/repository/net/bytebuddy/byte-buddy/1.10.14/byte-buddy-1.10.14.jar
2021-07-21 15:11:07 [INFO ] c.p.p.JsonEvaluator:75 - C:/Users/m14/.m2/repository/net/minidev/accessors-smart/1.2/accessors-smart-1.2.jar
2021-07-21 15:11:07 [INFO ] c.p.p.JsonEvaluator:75 - C:/Users/m14/.jdks/adopt-openjdk-15.0.2!/jdk.jstatd
2021-07-21 15:11:07 [INFO ] c.p.p.JsonEvaluator:75 - C:/Users/m14/.m2/repository/org/apache/logging/log4j/log4j-api/2.13.3/log4j-api-2.13.3.jar
2021-07-21 15:11:07 [INFO ] c.p.p.JsonEvaluator:75 - C:/Users/m14/.m2/repository/com/fasterxml/jackson/datatype/jackson-datatype-jdk8/2.11.2/jackson-datatype-jdk8-2.11.2.jar
2021-07-21 15:11:07 [INFO ] c.p.p.JsonEvaluator:75 - C:/Users/m14/.jdks/adopt-openjdk-15.0.2!/jdk.aot
2021-07-21 15:11:07 [INFO ] c.p.p.JsonEvaluator:75 - C:/Users/m14/.jdks/adopt-openjdk-15.0.2!/java.compiler
2021-07-21 15:11:07 [INFO ] c.p.p.JsonEvaluator:75 - C:/Users/m14/.m2/repository/org/glassfish/jaxb/jaxb-runtime/2.3.3/jaxb-runtime-2.3.3.jar
2021-07-21 15:11:07 [INFO ] c.p.p.JsonEvaluator:75 - C:/Users/m14/.jdks/adopt-openjdk-15.0.2!/jdk.localedata
2021-07-21 15:11:07 [INFO ] c.p.p.JsonEvaluator:75 - C:/Users/m14/.jdks/adopt-openjdk-15.0.2!/jdk.naming.dns
2021-07-21 15:11:07 [INFO ] c.p.p.JsonEvaluator:75 - C:/Users/m14/.m2/repository/net/minidev/json-smart/2.3/json-smart-2.3.jar
2021-07-21 15:11:07 [INFO ] c.p.p.JsonEvaluator:75 - C:/Users/m14/.jdks/adopt-openjdk-15.0.2!/java.datatransfer
2021-07-21 15:11:07 [INFO ] c.p.p.JsonEvaluator:75 - C:/Users/m14/.jdks/adopt-openjdk-15.0.2!/jdk.management
2021-07-21 15:11:07 [INFO ] c.p.p.JsonEvaluator:75 - C:/Users/m14/.m2/repository/org/springframework/spring-orm/5.2.8.RELEASE/spring-orm-5.2.8.RELEASE.jar
2021-07-21 15:11:07 [INFO ] c.p.p.JsonEvaluator:75 - C:/Users/m14/.jdks/adopt-openjdk-15.0.2!/jdk.internal.vm.ci
2021-07-21 15:11:07 [INFO ] c.p.p.JsonEvaluator:75 - C:/Users/m14/.m2/repository/jakarta/activation/jakarta.activation-api/1.2.2/jakarta.activation-api-1.2.2.jar
2021-07-21 15:11:07 [INFO ] c.p.p.JsonEvaluator:75 - C:/Users/m14/.m2/repository/org/glassfish/jakarta.el/3.0.3/jakarta.el-3.0.3.jar
2021-07-21 15:11:07 [INFO ] c.p.p.JsonEvaluator:75 - C:/Users/m14/AppData/Roaming/JetBrains/IntelliJIdea2021.1/javascript/extLibs/http_stackpath.bootstrapcdn.com_bootstrap_4.5.2_css_bootstrap.css
2021-07-21 15:11:07 [INFO ] c.p.p.JsonEvaluator:75 - C:/Users/m14/.jdks/adopt-openjdk-15.0.2!/jdk.charsets
2021-07-21 15:11:07 [INFO ] c.p.p.JsonEvaluator:75 - C:/Users/m14/.m2/repository/org/junit/jupiter/junit-jupiter/5.6.2/junit-jupiter-5.6.2.jar
2021-07-21 15:11:07 [INFO ] c.p.p.JsonEvaluator:75 - C:/Users/m14/.m2/repository/org/mockito/mockito-junit-jupiter/3.3.3/mockito-junit-jupiter-3.3.3.jar
2021-07-21 15:11:07 [INFO ] c.p.p.JsonEvaluator:75 - C:/Users/m14/.jdks/adopt-openjdk-15.0.2!/java.desktop
2021-07-21 15:11:07 [INFO ] c.p.p.JsonEvaluator:75 - C:/Users/m14/.m2/repository/jakarta/annotation/jakarta.annotation-api/1.3.5/jakarta.annotation-api-1.3.5.jar
2021-07-21 15:11:07 [INFO ] c.p.p.JsonEvaluator:75 - C:/Users/m14/.jdks/adopt-openjdk-15.0.2!/jdk.internal.opt
2021-07-21 15:11:07 [INFO ] c.p.p.JsonEvaluator:75 - C:/Users/m14/.jdks/adopt-openjdk-15.0.2!/jdk.management.agent
2021-07-21 15:11:07 [INFO ] c.p.p.JsonEvaluator:75 - C:/Users/m14/.m2/repository/org/springframework/boot/spring-boot-starter-thymeleaf/2.3.3.RELEASE/spring-boot-starter-thymeleaf-2.3.3.RELEASE.jar
2021-07-21 15:11:07 [INFO ] c.p.p.JsonEvaluator:75 - C:/Users/m14/.jdks/adopt-openjdk-15.0.2!/jdk.naming.rmi
2021-07-21 15:11:07 [INFO ] c.p.p.JsonEvaluator:75 - C:/Users/m14/.jdks/adopt-openjdk-15.0.2!/jdk.xml.dom
2021-07-21 15:11:07 [INFO ] c.p.p.JsonEvaluator:75 - C:/Users/m14/.m2/repository/org/mockito/mockito-core/3.3.3/mockito-core-3.3.3.jar
2021-07-21 15:11:07 [INFO ] c.p.p.JsonEvaluator:75 - C:/Users/m14/.m2/repository/org/springframework/boot/spring-boot-starter-logging/2.3.3.RELEASE/spring-boot-starter-logging-2.3.3.RELEASE.jar
2021-07-21 15:11:07 [INFO ] c.p.p.JsonEvaluator:75 - C:/Users/m14/.m2/repository/org/springframework/boot/spring-boot-starter-json/2.3.3.RELEASE/spring-boot-starter-json-2.3.3.RELEASE.jar
2021-07-21 15:11:07 [INFO ] c.p.p.JsonEvaluator:75 - C:/Users/m14/.jdks/adopt-openjdk-15.0.2!/jdk.jsobject
2021-07-21 15:11:07 [INFO ] c.p.p.JsonEvaluator:75 - C:/Users/m14/.m2/repository/org/hibernate/hibernate-core/5.4.20.Final/hibernate-core-5.4.20.Final.jar
2021-07-21 15:11:07 [INFO ] c.p.p.JsonEvaluator:75 - C:/Users/m14/.jdks/adopt-openjdk-15.0.2!/jdk.attach
2021-07-21 15:11:07 [INFO ] c.p.p.JsonEvaluator:75 - C:/Users/m14/.jdks/adopt-openjdk-15.0.2!/jdk.crypto.mscapi
2021-07-21 15:11:07 [INFO ] c.p.p.JsonEvaluator:75 - C:/Users/m14/.jdks/adopt-openjdk-15.0.2!/jdk.jcmd
2021-07-21 15:11:07 [INFO ] c.p.p.JsonEvaluator:75 - C:/Users/m14/.jdks/adopt-openjdk-15.0.2!/java.prefs
2021-07-21 15:11:07 [INFO ] c.p.p.JsonEvaluator:75 - C:/Users/m14/.m2/repository/com/zaxxer/HikariCP/3.4.5/HikariCP-3.4.5.jar
2021-07-21 15:11:07 [INFO ] c.p.p.JsonEvaluator:75 - C:/Users/m14/.m2/repository/org/yaml/snakeyaml/1.26/snakeyaml-1.26.jar
2021-07-21 15:11:07 [INFO ] c.p.p.JsonEvaluator:75 - C:/Users/m14/.m2/repository/org/springframework/boot/spring-boot-starter-web/2.3.3.RELEASE/spring-boot-starter-web-2.3.3.RELEASE.jar
2021-07-21 15:11:07 [INFO ] c.p.p.JsonEvaluator:75 - C:/Users/m14/.m2/repository/org/apache/tomcat/embed/tomcat-embed-websocket/9.0.37/tomcat-embed-websocket-9.0.37.jar
2021-07-21 15:11:07 [INFO ] c.p.p.JsonEvaluator:75 - C:/Users/m14/.jdks/adopt-openjdk-15.0.2!/jdk.sctp
2021-07-21 15:11:07 [INFO ] c.p.p.JsonEvaluator:75 - C:/Users/m14/.m2/repository/org/thymeleaf/extras/thymeleaf-extras-java8time/3.0.4.RELEASE/thymeleaf-extras-java8time-3.0.4.RELEASE.jar
2021-07-21 15:11:07 [INFO ] c.p.p.JsonEvaluator:75 - C:/Users/m14/.m2/repository/com/vaadin/external/google/android-json/0.0.20131108.vaadin1/android-json-0.0.20131108.vaadin1.jar
2021-07-21 15:11:07 [INFO ] c.p.p.JsonEvaluator:75 - C:/Users/m14/.jdks/adopt-openjdk-15.0.2!/jdk.internal.vm.compiler.management
2021-07-21 15:11:07 [INFO ] c.p.p.JsonEvaluator:75 - C:/Users/m14/.m2/repository/org/aspectj/aspectjweaver/1.9.6/aspectjweaver-1.9.6.jar
2021-07-21 15:11:07 [INFO ] c.p.p.JsonEvaluator:75 - C:/Users/m14/.jdks/adopt-openjdk-15.0.2!/java.xml.crypto
2021-07-21 15:11:07 [INFO ] c.p.p.JsonEvaluator:75 - C:/Users/m14/.m2/repository/org/slf4j/jul-to-slf4j/1.7.30/jul-to-slf4j-1.7.30.jar
2021-07-21 15:11:07 [INFO ] c.p.p.JsonEvaluator:75 - C:/Users/m14/.jdks/adopt-openjdk-15.0.2!/jdk.dynalink
2021-07-21 15:11:07 [INFO ] c.p.p.JsonEvaluator:75 - C:/Users/m14/.m2/repository/mysql/mysql-connector-java/8.0.21/mysql-connector-java-8.0.21.jar
2021-07-21 15:11:07 [INFO ] c.p.p.JsonEvaluator:75 - C:/Users/m14/.m2/repository/org/apiguardian/apiguardian-api/1.1.0/apiguardian-api-1.1.0.jar
2021-07-21 15:11:07 [INFO ] c.p.p.JsonEvaluator:75 - C:/Users/m14/.m2/repository/org/javassist/javassist/3.24.0-GA/javassist-3.24.0-GA.jar
2021-07-21 15:11:07 [INFO ] c.p.p.JsonEvaluator:75 - C:/Users/m14/.jdks/adopt-openjdk-15.0.2!/java.se
2021-07-21 15:11:07 [INFO ] c.p.p.JsonEvaluator:75 - C:/Users/m14/.m2/repository/com/sun/activation/jakarta.activation/1.2.2/jakarta.activation-1.2.2.jar
2021-07-21 15:11:07 [INFO ] c.p.p.JsonEvaluator:75 - C:/Users/m14/.jdks/adopt-openjdk-15.0.2!/jdk.jdeps
2021-07-21 15:11:07 [INFO ] c.p.p.JsonEvaluator:75 - C:/Users/m14/.jdks/adopt-openjdk-15.0.2!/jdk.crypto.cryptoki
2021-07-21 15:11:07 [INFO ] c.p.p.JsonEvaluator:75 - C:/Users/m14/.m2/repository/com/fasterxml/jackson/module/jackson-module-parameter-names/2.11.2/jackson-module-parameter-names-2.11.2.jar
2021-07-21 15:11:07 [INFO ] c.p.p.JsonEvaluator:75 - C:/Users/m14/.jdks/adopt-openjdk-15.0.2!/java.sql
2021-07-21 15:11:07 [INFO ] c.p.p.JsonEvaluator:75 - C:/Users/m14/.jdks/adopt-openjdk-15.0.2!/jdk.editpad
2021-07-21 15:11:07 [INFO ] c.p.p.JsonEvaluator:75 - C:/Users/m14/.jdks/adopt-openjdk-15.0.2!/jdk.jfr
2021-07-21 15:11:07 [INFO ] c.p.p.JsonEvaluator:75 - C:/Users/m14/.m2/repository/org/thymeleaf/thymeleaf/3.0.11.RELEASE/thymeleaf-3.0.11.RELEASE.jar
2021-07-21 15:11:07 [INFO ] c.p.p.JsonEvaluator:75 - C:/Users/m14/.m2/repository/org/springframework/security/spring-security-web/5.3.4.RELEASE/spring-security-web-5.3.4.RELEASE.jar
2021-07-21 15:11:07 [INFO ] c.p.p.JsonEvaluator:75 - C:/Users/m14/.jdks/adopt-openjdk-15.0.2!/jdk.nio.mapmode
2021-07-21 15:11:07 [INFO ] c.p.p.JsonEvaluator:75 - C:/Users/m14/.m2/repository/org/springframework/boot/spring-boot-test/2.3.3.RELEASE/spring-boot-test-2.3.3.RELEASE.jar
2021-07-21 15:11:07 [INFO ] c.p.p.JsonEvaluator:75 - C:/Users/m14/.m2/repository/org/springframework/spring-webmvc/5.2.8.RELEASE/spring-webmvc-5.2.8.RELEASE.jar
2021-07-21 15:11:07 [INFO ] c.p.p.JsonEvaluator:75 - C:/Users/m14/.jdks/adopt-openjdk-15.0.2!/jdk.incubator.jpackage
2021-07-21 15:11:07 [INFO ] c.p.p.JsonEvaluator:75 - C:/Users/m14/.m2/repository/jakarta/xml/bind/jakarta.xml.bind-api/2.3.3/jakarta.xml.bind-api-2.3.3.jar
2021-07-21 15:11:07 [INFO ] c.p.p.JsonEvaluator:75 - C:/Users/m14/.m2/repository/org/slf4j/slf4j-api/1.7.30/slf4j-api-1.7.30.jar
2021-07-21 15:11:07 [INFO ] c.p.p.JsonEvaluator:75 - C:/Users/m14/.m2/repository/org/opentest4j/opentest4j/1.2.0/opentest4j-1.2.0.jar
2021-07-21 15:11:07 [INFO ] c.p.p.JsonEvaluator:75 - C:/Users/m14/.m2/repository/org/apache/logging/log4j/log4j-to-slf4j/2.13.3/log4j-to-slf4j-2.13.3.jar
2021-07-21 15:11:07 [INFO ] c.p.p.JsonEvaluator:75 - C:/Users/m14/.m2/repository/org/springframework/spring-jcl/5.2.8.RELEASE/spring-jcl-5.2.8.RELEASE.jar
2021-07-21 15:11:07 [INFO ] c.p.p.JsonEvaluator:75 - C:/Users/m14/.jdks/adopt-openjdk-15.0.2!/java.sql.rowset
2021-07-21 15:11:07 [INFO ] c.p.p.JsonEvaluator:75 - C:/Users/m14/.jdks/adopt-openjdk-15.0.2!/java.scripting
2021-07-21 15:11:07 [INFO ] c.p.p.JsonEvaluator:75 - C:/Users/m14/.jdks/adopt-openjdk-15.0.2!/jdk.compiler
2021-07-21 15:11:07 [INFO ] c.p.p.JsonEvaluator:75 - C:/Users/m14/.jdks/adopt-openjdk-15.0.2!/jdk.jconsole
2021-07-21 15:11:07 [INFO ] c.p.p.JsonEvaluator:75 - C:/Users/m14/.jdks/adopt-openjdk-15.0.2!/java.logging
2021-07-21 15:11:07 [INFO ] c.p.p.JsonEvaluator:75 - C:/Users/m14/.m2/repository/org/springframework/boot/spring-boot-test-autoconfigure/2.3.3.RELEASE/spring-boot-test-autoconfigure-2.3.3.RELEASE.jar
2021-07-21 15:11:07 [INFO ] c.p.p.JsonEvaluator:75 - C:/Users/m14/.jdks/adopt-openjdk-15.0.2!/jdk.net
2021-07-21 15:11:07 [INFO ] c.p.p.JsonEvaluator:75 - C:/Users/m14/.jdks/adopt-openjdk-15.0.2!/java.smartcardio
2021-07-21 15:11:07 [INFO ] c.p.p.JsonEvaluator:75 - C:/Users/m14/.m2/repository/org/springframework/spring-context/5.2.8.RELEASE/spring-context-5.2.8.RELEASE.jar
2021-07-21 15:11:07 [INFO ] c.p.p.JsonEvaluator:75 - C:/Users/m14/.m2/repository/org/springframework/spring-test/5.2.8.RELEASE/spring-test-5.2.8.RELEASE.jar
2021-07-21 15:11:07 [INFO ] c.p.p.JsonEvaluator:75 - C:/Users/m14/.jdks/adopt-openjdk-15.0.2!/jdk.zipfs
2021-07-21 15:11:07 [INFO ] c.p.p.JsonEvaluator:75 - C:/Users/m14/.m2/repository/org/springframework/boot/spring-boot-starter-tomcat/2.3.3.RELEASE/spring-boot-starter-tomcat-2.3.3.RELEASE.jar
2021-07-21 15:11:07 [INFO ] c.p.p.JsonEvaluator:75 - C:/Users/m14/.m2/repository/org/junit/jupiter/junit-jupiter-engine/5.6.2/junit-jupiter-engine-5.6.2.jar
2021-07-21 15:11:07 [INFO ] c.p.p.JsonEvaluator:75 - C:/Users/m14/.jdks/adopt-openjdk-15.0.2!/java.management.rmi
2021-07-21 15:11:07 [INFO ] c.p.p.JsonEvaluator:75 - C:/Users/m14/.jdks/adopt-openjdk-15.0.2!/jdk.httpserver
2021-07-21 15:11:07 [INFO ] c.p.p.JsonEvaluator:75 - C:/Users/m14/.jdks/adopt-openjdk-15.0.2!/jdk.jlink
2021-07-21 15:11:07 [INFO ] c.p.p.JsonEvaluator:75 - C:/Users/m14/.m2/repository/org/springframework/spring-jdbc/5.2.8.RELEASE/spring-jdbc-5.2.8.RELEASE.jar
2021-07-21 15:11:07 [INFO ] c.p.p.JsonEvaluator:75 - C:/Users/m14/.jdks/adopt-openjdk-15.0.2!/jdk.unsupported.desktop
2021-07-21 15:11:07 [INFO ] c.p.p.JsonEvaluator:75 - C:/Users/m14/.m2/repository/org/junit/jupiter/junit-jupiter-params/5.6.2/junit-jupiter-params-5.6.2.jar
2021-07-21 15:11:07 [INFO ] c.p.p.JsonEvaluator:75 - C:/Users/m14/.m2/repository/com/fasterxml/jackson/core/jackson-core/2.11.2/jackson-core-2.11.2.jar
2021-07-21 15:11:07 [INFO ] c.p.p.JsonEvaluator:75 - C:/Users/m14/.m2/repository/org/skyscreamer/jsonassert/1.5.0/jsonassert-1.5.0.jar
2021-07-21 15:11:07 [INFO ] c.p.p.JsonEvaluator:75 - C:/Users/m14/.jdks/adopt-openjdk-15.0.2!/jdk.jartool
2021-07-21 15:11:07 [INFO ] c.p.p.JsonEvaluator:75 - C:/Users/m14/.m2/repository/org/springframework/spring-expression/5.2.8.RELEASE/spring-expression-5.2.8.RELEASE.jar
2021-07-21 15:11:07 [INFO ] c.p.p.JsonEvaluator:75 - C:/Users/m14/.m2/repository/org/junit/platform/junit-platform-engine/1.6.2/junit-platform-engine-1.6.2.jar
2021-07-21 15:11:07 [INFO ] c.p.p.JsonEvaluator:75 - C:/Users/m14/.jdks/adopt-openjdk-15.0.2!/java.rmi
2021-07-21 15:11:07 [INFO ] c.p.p.JsonEvaluator:75 - C:/Users/m14/.m2/repository/ch/qos/logback/logback-core/1.2.3/logback-core-1.2.3.jar
2021-07-21 15:11:07 [INFO ] c.p.p.JsonEvaluator:75 - C:/Users/m14/.m2/repository/org/xmlunit/xmlunit-core/2.7.0/xmlunit-core-2.7.0.jar
2021-07-21 15:11:07 [INFO ] c.p.p.IncrementalLauncher:154 - Load model from cache...
2021-07-21 15:11:08 [INFO ] c.p.p.IncrementalLauncher:168 - Build model incrementally...
2021-07-21 15:11:08 [INFO ] c.p.p.IncrementalLauncher:169 - Current time: 1626855068397
2021-07-21 15:11:08 [INFO ] c.p.p.IncrementalLauncher:170 - Last build time: 1626336064887
2021-07-21 15:11:08 [INFO ] c.p.p.IncrementalLauncher:171 - Keyset size: 12
2021-07-21 15:11:08 [INFO ] c.p.p.IncrementalLauncher:172 - Input sources size: 12
2021-07-21 15:11:08 [INFO ] c.p.p.IncrementalLauncher:178 - Removed sources size: 0
2021-07-21 15:11:08 [INFO ] c.p.p.IncrementalLauncher:179 - Added sources size: 0
2021-07-21 15:11:08 [INFO ] c.p.p.IncrementalLauncher:180 - Common sources size: 12
2021-07-21 15:11:08 [INFO ] c.p.p.IncrementalLauncher:191 - Incremental sources size: 8
2021-07-21 15:11:08 [INFO ] c.p.p.IncrementalLauncher:194 - Old types size: 12
2021-07-21 15:11:08 [INFO ] c.p.p.IncrementalLauncher:205 - Changed types size: 8
2021-07-21 15:11:08 [INFO ] c.p.p.IncrementalLauncher:207 - Enter types loop
2021-07-21 15:11:08 [INFO ] c.p.p.IncrementalLauncher:229 - Exit types loop
2021-07-21 15:11:08 [INFO ] c.p.p.IncrementalLauncher:241 - Old packages size: 8
2021-07-21 15:11:08 [INFO ] c.p.p.IncrementalLauncher:250 - Data processed
2021-07-21 15:11:08 [INFO ] c.p.p.IncrementalLauncher:256 - Added: 0
2021-07-21 15:11:08 [INFO ] c.p.p.IncrementalLauncher:257 - Removed: 0
2021-07-21 15:11:08 [INFO ] c.p.p.IncrementalLauncher:258 - Modified : 12
2021-07-21 15:11:12 [INFO ] c.p.p.IncrementalLauncher:312 - Cache saving started.
2021-07-21 15:11:13 [INFO ] c.p.p.IncrementalLauncher:355 - Cache saving finished.
2021-07-21 15:11:13 [INFO ] c.p.p.Module:383 - Model build success.
